14
20
26
33
36
60
66
91
98
99
104
121
124
135
146
167
209
228
230
238
241
247
251
255
260
266
287
288
290
293
294
300
304
316
326
355
366
411
417
437
438
438
461
463
475
476
497
515
524
540
543
547
569
570
574
580
591
599
611
612
615
653
662
679
681
699
713
714
723
770
790
800
812
821
826
852
854
856
862
863
874
880
900
900
907
912
929
939
945
957
976
988
988
1019
1024
1027
1057
1059
1093
1100
1106
1110
1138
1152
1181
1192
1195
1206
1226
1263
1264
1289
1305
1314
1339
1341
1350
1351
1363
1369
1380
1381
1382
1395
1397
1404
1412
1420
1425
1437
1442
1459
1462
1465
1478
1493
1493
1493
1495
1500
1517
1517
1530
1551
1555
1583
1601
1619
1620
1620
1647
1649
1656
1661
1666
1670
1676
1682
1689
1700
1724
1728
1732
1740
1759
1762
1769
1810
1830
1840
1857
1875
1884
1885
1887
1900
1915
1919
1923
1924
1925
1938
1944
1954
1966
1967
1968
1969
1974
1977
1999
2004
2019
2034
2039
2058
2072
2085
2092
2093
2096
2100
2109
2120
2122
2134
2146
2150
2190
2198
2200
2205
2223
2249
2260
2261
2267
2289
2301
2303
2306
2311
2318
2335
2336
2340
2353
2357
2383
2392
2401
2452
2456
2473
2515
2519
2530
2544
2544
2560
2565
2565
2585
2605
2614
2621
2622
2626
2639
2640
2641
2642
2644
2652
2652
2665
2675
2695
2696
2698
2708
2735
2746
2769
2808
2809
2822
2831
2863
2864
2868
2888
2899
2918
2921
2931
2964
2973
2974
2975
2982
2986
2998
3010
3037
3102
3107
3109
3111
3114
3124
3130
3145
3155
3177
3180
3185
3186
3188
3193
3207
3208
3211
3262
3263
3296
3307
3324
3325
3331
3351
3364
3366
3368
3392
3399
3415
3416
3422
3430
3435
3443
3443
3460
3465
3472
3472
3473
3495
3519
3527
3547
3558
3565
3565
3572
3572
3585
3609
3610
3619
3623
3627
3629
3630
3633
3640
3645
3673
3687
3709
3727
3731
3734
3735
3766
3768
3788
3790
3808
3808
3810
3863
3868
3869
3873
3877
3880
3888
3895
3902
3903
3915
3917
3943
3950
3952
3971
3973
3975
3978
3983
3984
3994
3999
4000
4005
4010
4016
4019
4027
4029
4032
4053
4063
4066
4084
4095
4098
4098
4102
4116
4128
4137
4150
4179
4202
4206
4216
4234
4243
4246
4260
4270
4271
4273
4289
4309
4349
4355
4357
4375
4375
4382
4407
4444
4458
4464
4476
4491
4494
4501
4515
4516
4519
4532
4572
4578
4580
4590
4606
4626
4666
4678
4689
4699
4711
4714
4716
4719
4741
4753
4760
4764
4766
4773
4780
4787
4808
4824
4828
4836
4872
4875
4883
4892
4896
4899
4899
4918
4922
4928
4944
4963
4963
4973
5008
5027
5029
5030
5046
5055
5057
5057
5059
5063
5064
5067
5076
5087
5088
5122
5136
5142
5147
5151
5178
5178
5183
5205
5223
5229
5233
5240
5244
5263
5263
5284
5305
5308
5313
5322
5332
5342
5343
5348
5356
5367
5368
5371
5376
5379
5384
5405
5412
5418
5435
5474
5487
5488
5531
5563
5573
5577
5581
5584
5593
5607
5613
5621
5622
5628
5651
5659
5669
5673
5685
5689
5693
5711
5711
5714
5732
5737
5743
5744
5752
5754
5756
5759
5782
5786
5799
5821
5821
5837
5854
5865
5873
5876
5879
5881
5882
5884
5884
5911
5926
5927
5927
5931
5937
5949
5953
5960
5969
5977
5988
6005
6018
6071
6074
6097
6110
6131
6135
6138
6139
6144
6145
6161
6189
6211
6215
6223
6234
6238
6251
6258
6273
6300
6311
6322
6358
6373
6381
6391
6401
6403
6423
6448
6448
6454
6457
6459
6471
6471
6471
6483
6489
6519
6524
6527
6538
6542
6542
6544
6554
6560
6584
6588
6616
6634
6643
6659
6661
6671
6678
6678
6696
6698
6719
6723
6728
6729
6738
6740
6742
6745
6777
6778
6813
6817
6830
6835
6838
6839
6843
6858
6861
6868
6879
6883
6885
6886
6887
6892
6900
6901
6903
6909
6931
6942
6946
6956
6981
6986
6987
7021
7021
7032
7037
7041
7042
7051
7056
7057
7065
7085
7090
7122
7133
7139
7139
7142
7160
7161
7175
7180
7183
7201
7205
7205
7208
7213
7224
7229
7232
7233
7247
7256
7267
7276
7282
7289
7301
7304
7328
7344
7351
7363
7365
7376
7406
7421
7426
7434
7440
7452
7463
7470
7489
7519
7526
7529
7544
7546
7561
7565
7566
7568
7574
7590
7595
7600
7621
7624
7630
7634
7635
7652
7662
7664
7666
7686
7702
7706
7712
7713
7718
7725
7727
7739
7760
7762
7771
7787
7804
7811
7813
7823
7825
7845
7860
7866
7875
7883
7902
7904
7909
7937
7948
7950
7958
7968
7971
7977
7978
7981
7989
7992
8007
8011
8049
8049
8054
8074
8091
8092
8103
8108
8115
8123
8127
8130
8131
8134
8134
8170
8187
8194
8196
8196
8230
8240
8251
8262
8290
8294
8306
8350
8359
8367
8375
8390
8394
8402
8402
8418
8418
8439
8443
8452
8462
8469
8476
8477
8479
8489
8495
8499
8499
8506
8509
8519
8541
8544
8551
8560
8564
8576
8588
8596
8599
8623
8626
8649
8691
8695
8699
8701
8718
8733
8776
8784
8800
8800
8831
8850
8867
8868
8874
8877
8893
8912
8921
8928
8962
9015
9030
9033
9042
9050
9050
9066
9071
9072
9076
9080
9086
9094
9100
9101
9104
9112
9114
9124
9125
9133
9136
9150
9155
9166
9173
9175
9181
9192
9202
9204
9204
9235
9242
9242
9277
9277
9313
9324
9327
9335
9341
9342
9344
9352
9354
9361
9368
9368
9371
9377
9384
9403
9405
9416
9419
9421
9438
9450
9454
9464
9474
9488
9490
9493
9508
9538
9546
9555
9558
9564
9570
9571
9582
9587
9593
9613
9614
9616
9649
9651
9663
9692
9710
9713
9714
9729
9745
9754
9756
9757
9779
9798
9815
9823
9824
9862
9879
9885
9894
9909
9912
9912
9917
9923
9924
9931
9949
9967
9969
9972
9994
9999
